<?xml version="1.0" encoding="UTF-8"?>
<!-- Generated by org.testng.reporters.JUnitReportReporter -->
<testsuite hostname="DESKTOP-K5S59DG" failures="0" tests="1" name="com.it.bd.tests.CategoryTest" time="12.397" errors="0" timestamp="22 Nov 2023 14:39:21 GMT" skipped="0">
  <testcase classname="com.it.bd.tests.CategoryTest" name="categoryTest" time="12.397"/>
</testsuite> <!-- com.it.bd.tests.CategoryTest -->
